<?xml version="1.0" encoding="UTF-8"?>
<!-- Generated by org.testng.reporters.JUnitXMLReporter -->
<testsuite hostname="MX-IT01127" name="My first test(failed)" tests="1" failures="1" timestamp="27 Mar 2018 22:59:47 GMT" time="0.07" errors="0">
  <testcase name="testStarbucks" time="0.051" classname="com.cuadrado.starbucks.Test.StarbucksTests">
    <failure type="java.lang.NullPointerException">
      <![CDATA[java.lang.NullPointerException
	at com.cuadrado.starbucks.pages.StarbucksHomePage.menu(StarbucksHomePage.java:53)
	at com.cuadrado.starbucks.Test.StarbucksTests.testStarbucks(StarbucksTests.java:16)
... Removed 24 stack frames]]>
    </failure>
  </testcase> <!-- testStarbucks -->
</testsuite> <!-- My first test(failed) -->
