<?xml version="1.0" encoding="UTF-8"?>
<testng-results skipped="0" failed="0" total="1" passed="1">
  <reporter-output>
  </reporter-output>
  <suite name="My test suite" duration-ms="5376" started-at="2018-04-03T00:08:00Z" finished-at="2018-04-03T00:08:06Z">
    <groups>
    </groups>
    <test name="My first test" duration-ms="5376" started-at="2018-04-03T00:08:00Z" finished-at="2018-04-03T00:08:06Z">
      <class name="com.cuadrado.starbucks.Test.StarbucksTests">
        <test-method status="PASS" signature="beforeSuite(java.lang.String)[pri:0, instance:com.cuadrado.starbucks.Test.StarbucksTests@66d33a]" name="beforeSuite" is-config="true" duration-ms="6284" started-at="2018-04-02T19:07:54Z" finished-at="2018-04-02T19:08:00Z">
          <params>
            <param index="0">
              <value>
                <![CDATA[chrome]]>
              </value>
            </param>
          </params>
          <reporter-output>
          </reporter-output>
        </test-method> <!-- beforeSuite -->
        <test-method status="PASS" signature="testStarbucks()[pri:0, instance:com.cuadrado.starbucks.Test.StarbucksTests@66d33a]" name="testStarbucks" duration-ms="5370" started-at="2018-04-02T19:08:00Z" finished-at="2018-04-02T19:08:06Z">
          <reporter-output>
          </reporter-output>
        </test-method> <!-- testStarbucks -->
        <test-method status="PASS" signature="afterSuite()[pri:0, instance:com.cuadrado.starbucks.Test.StarbucksTests@66d33a]" name="afterSuite" is-config="true" duration-ms="0" started-at="2018-04-02T19:08:06Z" finished-at="2018-04-02T19:08:06Z">
          <reporter-output>
          </reporter-output>
        </test-method> <!-- afterSuite -->
      </class> <!-- com.cuadrado.starbucks.Test.StarbucksTests -->
    </test> <!-- My first test -->
  </suite> <!-- My test suite -->
</testng-results>
