<?xml version="1.0" encoding="UTF-8"?>
<testng-results skipped="0" failed="0" total="1" passed="1">
  <reporter-output>
  </reporter-output>
  <suite name="My test suite" duration-ms="164" started-at="2018-04-11T20:49:07Z" finished-at="2018-04-11T20:49:07Z">
    <groups>
    </groups>
    <test name="My first test" duration-ms="164" started-at="2018-04-11T20:49:07Z" finished-at="2018-04-11T20:49:07Z">
      <class name="com.cuadrado.starbucks.Test.StarbucksTests">
        <test-method status="PASS" signature="beforeSuite(int)[pri:0, instance:com.cuadrado.starbucks.Test.StarbucksTests@17f6480]" name="beforeSuite" is-config="true" duration-ms="9361" started-at="2018-04-11T15:48:58Z" finished-at="2018-04-11T15:49:07Z">
          <params>
            <param index="0">
              <value>
                <![CDATA[1]]>
              </value>
            </param>
          </params>
          <reporter-output>
          </reporter-output>
        </test-method> <!-- beforeSuite -->
        <test-method status="PASS" signature="testStarbucks()[pri:0, instance:com.cuadrado.starbucks.Test.StarbucksTests@17f6480]" name="testStarbucks" duration-ms="154" started-at="2018-04-11T15:49:07Z" finished-at="2018-04-11T15:49:07Z">
          <reporter-output>
          </reporter-output>
        </test-method> <!-- testStarbucks -->
        <test-method status="PASS" signature="afterSuite()[pri:0, instance:com.cuadrado.starbucks.Test.StarbucksTests@17f6480]" name="afterSuite" is-config="true" duration-ms="0" started-at="2018-04-11T15:49:07Z" finished-at="2018-04-11T15:49:07Z">
          <reporter-output>
          </reporter-output>
        </test-method> <!-- afterSuite -->
      </class> <!-- com.cuadrado.starbucks.Test.StarbucksTests -->
    </test> <!-- My first test -->
  </suite> <!-- My test suite -->
</testng-results>
