<?xml version="1.0" encoding="UTF-8"?>
<testng-results skipped="0" failed="0" total="1" passed="1">
  <reporter-output>
  </reporter-output>
  <suite name="My test suite" duration-ms="5707" started-at="2018-03-28T22:40:57Z" finished-at="2018-03-28T22:41:02Z">
    <groups>
    </groups>
    <test name="My first test" duration-ms="5707" started-at="2018-03-28T22:40:57Z" finished-at="2018-03-28T22:41:02Z">
      <class name="com.cuadrado.starbucks.Test.StarbucksTests">
        <test-method status="PASS" signature="beforeSuite(java.lang.String)[pri:0, instance:com.cuadrado.starbucks.Test.StarbucksTests@4cc0edeb]" name="beforeSuite" is-config="true" duration-ms="5161" started-at="2018-03-28T16:40:52Z" finished-at="2018-03-28T16:40:57Z">
          <params>
            <param index="0">
              <value>
                <![CDATA[chrome]]>
              </value>
            </param>
          </params>
          <reporter-output>
          </reporter-output>
        </test-method> <!-- beforeSuite -->
        <test-method status="PASS" signature="testStarbucks()[pri:0, instance:com.cuadrado.starbucks.Test.StarbucksTests@4cc0edeb]" name="testStarbucks" duration-ms="5683" started-at="2018-03-28T16:40:57Z" finished-at="2018-03-28T16:41:02Z">
          <reporter-output>
          </reporter-output>
        </test-method> <!-- testStarbucks -->
        <test-method status="PASS" signature="afterSuite()[pri:0, instance:com.cuadrado.starbucks.Test.StarbucksTests@4cc0edeb]" name="afterSuite" is-config="true" duration-ms="0" started-at="2018-03-28T16:41:02Z" finished-at="2018-03-28T16:41:02Z">
          <reporter-output>
          </reporter-output>
        </test-method> <!-- afterSuite -->
      </class> <!-- com.cuadrado.starbucks.Test.StarbucksTests -->
    </test> <!-- My first test -->
  </suite> <!-- My test suite -->
</testng-results>
